<?xml version="1.0" encoding="UTF-8"?>
<testsuite xmlns:xsi="http://www.w3.org/2001/XMLSchema-instance" xsi:noNamespaceSchemaLocation="https://maven.apache.org/surefire/maven-surefire-plugin/xsd/surefire-test-report.xsd" name="io.github.twosquirrels.httpasfunctions.AppTest" time="3.228" tests="3" errors="0" skipped="0" failures="0">
  <properties>
[...]
</properties>
  <testcase name="shouldAnswerWithTrue" classname="io.github.twosquirrels.httpasfunctions.AppTest" time="0.01"/>
  <testcase name="localTest" classname="io.github.twosquirrels.httpasfunctions.AppTest" time="1.722"/>
  <testcase name="discordTest" classname="io.github.twosquirrels.httpasfunctions.AppTest" time="1.305"/>
</testsuite>